              :-) GROMACS - gmx mdrun, 2020.1-Ubuntu-2020.1-1 (-:

                            GROMACS is written by:
     Emile Apol      Rossen Apostolov      Paul Bauer     Herman J.C. Berendsen
    Par Bjelkmar      Christian Blau   Viacheslav Bolnykh     Kevin Boyd    
 Aldert van Buuren   Rudi van Drunen     Anton Feenstra       Alan Gray     
  Gerrit Groenhof     Anca Hamuraru    Vincent Hindriksen  M. Eric Irrgang  
  Aleksei Iupinov   Christoph Junghans     Joe Jordan     Dimitrios Karkoulis
    Peter Kasson        Jiri Kraus      Carsten Kutzner      Per Larsson    
  Justin A. Lemkul    Viveca Lindahl    Magnus Lundborg     Erik Marklund   
    Pascal Merz     Pieter Meulenhoff    Teemu Murtola       Szilard Pall   
    Sander Pronk      Roland Schulz      Michael Shirts    Alexey Shvetsov  
   Alfons Sijbers     Peter Tieleman      Jon Vincent      Teemu Virolainen 
 Christian Wennberg    Maarten Wolf      Artem Zhmurov   
                           and the project leaders:
        Mark Abraham, Berk Hess, Erik Lindahl, and David van der Spoel

Copyright (c) 1991-2000, University of Groningen, The Netherlands.
Copyright (c) 2001-2019, The GROMACS development team at
Uppsala University, Stockholm University and
the Royal Institute of Technology, Sweden.
check out http://www.gromacs.org for more information.

GROMACS is free software; you can redistribute it and/or modify it
under the terms of the GNU Lesser General Public License
as published by the Free Software Foundation; either version 2.1
of the License, or (at your option) any later version.

GROMACS:      gmx mdrun, version 2020.1-Ubuntu-2020.1-1
Executable:   /usr/bin/gmx
Data prefix:  /usr
Working dir:  /content
Process ID:   19425
Command line:
  gmx mdrun -s Multiscala_progetto/cadyv.tpr -deffnm Multiscala_progetto/cadyvmin -v -nb cpu

GROMACS version:    2020.1-Ubuntu-2020.1-1
Precision:          single
Memory model:       64 bit
MPI library:        thread_mpi
OpenMP support:     enabled (GMX_OPENMP_MAX_THREADS = 64)
GPU support:        disabled
SIMD instructions:  SSE2
FFT library:        fftw-3.3.8-sse2-avx
RDTSCP usage:       disabled
TNG support:        enabled
Hwloc support:      hwloc-2.1.0
Tracing support:    disabled
C compiler:         /usr/bin/cc GNU 9.3.0
C compiler flags:   -msse2 -fexcess-precision=fast -funroll-all-loops
C++ compiler:       /usr/bin/c++ GNU 9.3.0
C++ compiler flags: -msse2 -fexcess-precision=fast -funroll-all-loops -fopenmp


Running on 1 node with total 1 cores, 2 logical cores
Hardware detected:
  CPU info:
    Vendor: Intel
    Brand:  Intel(R) Xeon(R) CPU @ 2.20GHz
    Family: 6   Model: 79   Stepping: 0
    Features: aes apic avx avx2 clfsh cmov cx8 cx16 f16c fma hle htt intel lahf mmx msr nonstop_tsc pcid pclmuldq pdpe1gb popcnt pse rdrnd rdtscp rtm sse2 sse3 sse4.1 sse4.2 ssse3 x2apic
  Hardware topology: Full, with devices
    Sockets, cores, and logical processors:
      Socket  0: [   0   1]
    Numa nodes:
      Node  0 (13616332800 bytes mem):   0   1
      Latency:
               0
         0  1.00
    Caches:
      L1: 32768 bytes, linesize 64 bytes, assoc. 8, shared 2 ways
      L2: 262144 bytes, linesize 64 bytes, assoc. 8, shared 2 ways
      L3: 57671680 bytes, linesize 64 bytes, assoc. 20, shared 2 ways
    PCI devices:
      0000:00:04.0  Id: 1af4:1000  Class: 0x0200  Numa: 0

Highest SIMD level requested by all nodes in run: AVX2_256
SIMD instructions selected at compile time:       SSE2
This program was compiled for different hardware than you are running on,
which could influence performance.
The current CPU can measure timings more accurately than the code in
gmx mdrun was configured to use. This might affect your simulation
speed as accurate timings are needed for load-balancing.
Please consider rebuilding gmx mdrun with the GMX_USE_RDTSCP=ON CMake option.

++++ PLEASE READ AND CITE THE FOLLOWING REFERENCE ++++
M. J. Abraham, T. Murtola, R. Schulz, S. Páll, J. C. Smith, B. Hess, E.
Lindahl
GROMACS: High performance molecular simulations through multi-level
parallelism from laptops to supercomputers
SoftwareX 1 (2015) pp. 19-25
-------- -------- --- Thank You --- -------- --------


++++ PLEASE READ AND CITE THE FOLLOWING REFERENCE ++++
S. Páll, M. J. Abraham, C. Kutzner, B. Hess, E. Lindahl
Tackling Exascale Software Challenges in Molecular Dynamics Simulations with
GROMACS
In S. Markidis & E. Laure (Eds.), Solving Software Challenges for Exascale 8759 (2015) pp. 3-27
-------- -------- --- Thank You --- -------- --------


++++ PLEASE READ AND CITE THE FOLLOWING REFERENCE ++++
S. Pronk, S. Páll, R. Schulz, P. Larsson, P. Bjelkmar, R. Apostolov, M. R.
Shirts, J. C. Smith, P. M. Kasson, D. van der Spoel, B. Hess, and E. Lindahl
GROMACS 4.5: a high-throughput and highly parallel open source molecular
simulation toolkit
Bioinformatics 29 (2013) pp. 845-54
-------- -------- --- Thank You --- -------- --------


++++ PLEASE READ AND CITE THE FOLLOWING REFERENCE ++++
B. Hess and C. Kutzner and D. van der Spoel and E. Lindahl
GROMACS 4: Algorithms for highly efficient, load-balanced, and scalable
molecular simulation
J. Chem. Theory Comput. 4 (2008) pp. 435-447
-------- -------- --- Thank You --- -------- --------


++++ PLEASE READ AND CITE THE FOLLOWING REFERENCE ++++
D. van der Spoel, E. Lindahl, B. Hess, G. Groenhof, A. E. Mark and H. J. C.
Berendsen
GROMACS: Fast, Flexible and Free
J. Comp. Chem. 26 (2005) pp. 1701-1719
-------- -------- --- Thank You --- -------- --------


++++ PLEASE READ AND CITE THE FOLLOWING REFERENCE ++++
E. Lindahl and B. Hess and D. van der Spoel
GROMACS 3.0: A package for molecular simulation and trajectory analysis
J. Mol. Mod. 7 (2001) pp. 306-317
-------- -------- --- Thank You --- -------- --------


++++ PLEASE READ AND CITE THE FOLLOWING REFERENCE ++++
H. J. C. Berendsen, D. van der Spoel and R. van Drunen
GROMACS: A message-passing parallel molecular dynamics implementation
Comp. Phys. Comm. 91 (1995) pp. 43-56
-------- -------- --- Thank You --- -------- --------

Input Parameters:
   integrator                     = steep
   tinit                          = 0
   dt                             = 0.002
   nsteps                         = -1
   init-step                      = 0
   simulation-part                = 1
   comm-mode                      = Angular
   nstcomm                        = 100
   bd-fric                        = 0
   ld-seed                        = -1084268379
   emtol                          = 10
   emstep                         = 0.01
   niter                          = 20
   fcstep                         = 0
   nstcgsteep                     = 1000
   nbfgscorr                      = 10
   rtpi                           = 0.05
   nstxout                        = 5
   nstvout                        = 5
   nstfout                        = 0
   nstlog                         = 5
   nstcalcenergy                  = 5
   nstenergy                      = 5
   nstxout-compressed             = 0
   compressed-x-precision         = 1000
   cutoff-scheme                  = Verlet
   nstlist                        = 10
   pbc                            = xyz
   periodic-molecules             = false
   verlet-buffer-tolerance        = 0.005
   rlist                          = 1.05
   coulombtype                    = Cut-off
   coulomb-modifier               = Potential-shift
   rcoulomb-switch                = 0
   rcoulomb                       = 1
   epsilon-r                      = 1
   epsilon-rf                     = inf
   vdw-type                       = Cut-off
   vdw-modifier                   = Potential-shift
   rvdw-switch                    = 0
   rvdw                           = 1
   DispCorr                       = No
   table-extension                = 1
   fourierspacing                 = 0.12
   fourier-nx                     = 0
   fourier-ny                     = 0
   fourier-nz                     = 0
   pme-order                      = 4
   ewald-rtol                     = 1e-05
   ewald-rtol-lj                  = 0.001
   lj-pme-comb-rule               = Geometric
   ewald-geometry                 = 0
   epsilon-surface                = 0
   tcoupl                         = No
   nsttcouple                     = -1
   nh-chain-length                = 0
   print-nose-hoover-chain-variables = false
   pcoupl                         = No
   pcoupltype                     = Isotropic
   nstpcouple                     = -1
   tau-p                          = 1
   compressibility (3x3):
      compressibility[    0]={ 0.00000e+00,  0.00000e+00,  0.00000e+00}
      compressibility[    1]={ 0.00000e+00,  0.00000e+00,  0.00000e+00}
      compressibility[    2]={ 0.00000e+00,  0.00000e+00,  0.00000e+00}
   ref-p (3x3):
      ref-p[    0]={ 0.00000e+00,  0.00000e+00,  0.00000e+00}
      ref-p[    1]={ 0.00000e+00,  0.00000e+00,  0.00000e+00}
      ref-p[    2]={ 0.00000e+00,  0.00000e+00,  0.00000e+00}
   refcoord-scaling               = No
   posres-com (3):
      posres-com[0]= 0.00000e+00
      posres-com[1]= 0.00000e+00
      posres-com[2]= 0.00000e+00
   posres-comB (3):
      posres-comB[0]= 0.00000e+00
      posres-comB[1]= 0.00000e+00
      posres-comB[2]= 0.00000e+00
   QMMM                           = false
   QMconstraints                  = 0
   QMMMscheme                     = 0
   MMChargeScaleFactor            = 1
qm-opts:
   ngQM                           = 0
   constraint-algorithm           = Lincs
   continuation                   = false
   Shake-SOR                      = false
   shake-tol                      = 0.0001
   lincs-order                    = 4
   lincs-iter                     = 1
   lincs-warnangle                = 30
   nwall                          = 0
   wall-type                      = 9-3
   wall-r-linpot                  = -1
   wall-atomtype[0]               = -1
   wall-atomtype[1]               = -1
   wall-density[0]                = 0
   wall-density[1]                = 0
   wall-ewald-zfac                = 3
   pull                           = false
   awh                            = false
   rotation                       = false
   interactiveMD                  = false
   disre                          = No
   disre-weighting                = Conservative
   disre-mixed                    = false
   dr-fc                          = 1000
   dr-tau                         = 0
   nstdisreout                    = 100
   orire-fc                       = 0
   orire-tau                      = 0
   nstorireout                    = 100
   free-energy                    = no
   cos-acceleration               = 0
   deform (3x3):
      deform[    0]={ 0.00000e+00,  0.00000e+00,  0.00000e+00}
      deform[    1]={ 0.00000e+00,  0.00000e+00,  0.00000e+00}
      deform[    2]={ 0.00000e+00,  0.00000e+00,  0.00000e+00}
   simulated-tempering            = false
   swapcoords                     = no
   userint1                       = 0
   userint2                       = 0
   userint3                       = 0
   userint4                       = 0
   userreal1                      = 0
   userreal2                      = 0
   userreal3                      = 0
   userreal4                      = 0
   applied-forces:
     electric-field:
       x:
         E0                       = 0
         omega                    = 0
         t0                       = 0
         sigma                    = 0
       y:
         E0                       = 0
         omega                    = 0
         t0                       = 0
         sigma                    = 0
       z:
         E0                       = 0
         omega                    = 0
         t0                       = 0
         sigma                    = 0
     density-guided-simulation:
       active                     = false
       group                      = protein
       similarity-measure         = inner-product
       atom-spreading-weight      = unity
       force-constant             = 1e+09
       gaussian-transform-spreading-width = 0.2
       gaussian-transform-spreading-range-in-multiples-of-width = 4
       reference-density-filename = reference.mrc
       nst                        = 1
       normalize-densities        = true
       adaptive-force-scaling     = false
       adaptive-force-scaling-time-constant = 4
grpopts:
   nrdf:         767
   ref-t:           0
   tau-t:           0
annealing:          No
annealing-npoints:           0
   acc:	           0           0           0
   nfreeze:           N           N           N
   energygrp-flags[  0]: 0


Using 1 MPI thread

Non-default thread affinity set, disabling internal thread affinity

Using 2 OpenMP threads 

System total charge: 5.000
Potential shift: LJ r^-12: -1.000e+00 r^-6: -1.000e+00, Coulomb -1e+00
Generated table with 1025 data points for 1-4 COUL.
Tabscale = 500 points/nm
Generated table with 1025 data points for 1-4 LJ6.
Tabscale = 500 points/nm
Generated table with 1025 data points for 1-4 LJ12.
Tabscale = 500 points/nm

Using SIMD 4x4 nonbonded short-range kernels

Using a 4x4 pair-list setup:
  updated every 10 steps, buffer 0.050 nm, rlist 1.050 nm

Using Lorentz-Berthelot Lennard-Jones combination rule

Removing pbc first time

Initializing LINear Constraint Solver

++++ PLEASE READ AND CITE THE FOLLOWING REFERENCE ++++
B. Hess and H. Bekker and H. J. C. Berendsen and J. G. E. M. Fraaije
LINCS: A Linear Constraint Solver for molecular simulations
J. Comp. Chem. 18 (1997) pp. 1463-1472
-------- -------- --- Thank You --- -------- --------

The number of constraints is 397

Note that activating steepest-descent energy minimization via the integrator .mdp option and the command gmx mdrun may be available in a different form in a future version of GROMACS, e.g. gmx minimize and an .mdp option.
Initiating Steepest Descents
Started Steepest Descents on rank 0 Thu Mar  2 19:33:01 2023


Steepest Descents:
   Tolerance (Fmax)   =  1.00000e+01
   Number of steps    =           -1
           Step           Time
              0        0.00000

   Energies (kJ/mol)
          Angle    Proper Dih.  Improper Dih.          LJ-14     Coulomb-14
    8.31260e+02    7.88718e+02    2.66126e+01    4.11892e+02   -5.44093e+02
        LJ (SR)   Coulomb (SR)      Potential Pressure (bar)   Constr. rmsd
   -3.31696e+02   -3.29366e+03   -2.11096e+03    3.27944e+02    1.69840e-03

           Step           Time
              1        1.00000

   Energies (kJ/mol)
          Angle    Proper Dih.  Improper Dih.          LJ-14     Coulomb-14
    4.53167e+02    7.45338e+02    1.41787e+01    3.84556e+02   -5.25021e+02
        LJ (SR)   Coulomb (SR)      Potential Pressure (bar)   Constr. rmsd
   -3.77399e+02   -3.33341e+03   -2.63859e+03    1.98840e+02    3.69286e-04

           Step           Time
              2        2.00000

   Energies (kJ/mol)
          Angle    Proper Dih.  Improper Dih.          LJ-14     Coulomb-14
    3.19015e+02    7.25407e+02    1.17809e+01    3.73852e+02   -5.25309e+02
        LJ (SR)   Coulomb (SR)      Potential Pressure (bar)   Constr. rmsd
   -4.00993e+02   -3.36276e+03   -2.85900e+03    1.94914e+02    4.81075e-04

           Step           Time
              3        3.00000

           Step           Time
              4        4.00000

   Energies (kJ/mol)
          Angle    Proper Dih.  Improper Dih.          LJ-14     Coulomb-14
    2.84313e+02    7.14997e+02    1.27886e+01    3.66241e+02   -5.22098e+02
        LJ (SR)   Coulomb (SR)      Potential Pressure (bar)   Constr. rmsd
   -4.06603e+02   -3.37676e+03   -2.92712e+03    1.31008e+02    2.86248e-04

           Step           Time
              5        5.00000

   Energies (kJ/mol)
          Angle    Proper Dih.  Improper Dih.          LJ-14     Coulomb-14
    3.11925e+02    7.03754e+02    1.11125e+01    3.63069e+02   -5.29070e+02
        LJ (SR)   Coulomb (SR)      Potential Pressure (bar)   Constr. rmsd
   -4.11581e+02   -3.38044e+03   -2.93123e+03    1.65226e+02    4.35029e-04

           Step           Time
              6        6.00000

   Energies (kJ/mol)
          Angle    Proper Dih.  Improper Dih.          LJ-14     Coulomb-14
    2.73982e+02    6.97076e+02    1.20964e+01    3.59082e+02   -5.27328e+02
        LJ (SR)   Coulomb (SR)      Potential Pressure (bar)   Constr. rmsd
   -4.14270e+02   -3.38869e+03   -2.98806e+03    1.13573e+02    3.79057e-04

           Step           Time
              7        7.00000

           Step           Time
              8        8.00000

   Energies (kJ/mol)
          Angle    Proper Dih.  Improper Dih.          LJ-14     Coulomb-14
    2.43425e+02    6.92737e+02    1.10393e+01    3.58854e+02   -5.29200e+02
        LJ (SR)   Coulomb (SR)      Potential Pressure (bar)   Constr. rmsd
   -4.15804e+02   -3.38978e+03   -3.02872e+03    9.78764e+01    2.38494e-04

           Step           Time
              9        9.00000

           Step           Time
             10       10.00000

   Energies (kJ/mol)
          Angle    Proper Dih.  Improper Dih.          LJ-14     Coulomb-14
    2.36528e+02    6.88131e+02    1.14097e+01    3.57487e+02   -5.30065e+02
        LJ (SR)   Coulomb (SR)      Potential Pressure (bar)   Constr. rmsd
   -4.17389e+02   -3.39358e+03   -3.04748e+03    9.78760e+01    2.03376e-04

           Step           Time
             11       11.00000

   Energies (kJ/mol)
          Angle    Proper Dih.  Improper Dih.          LJ-14     Coulomb-14
    2.38951e+02    6.82115e+02    1.14345e+01    3.56631e+02   -5.32406e+02
        LJ (SR)   Coulomb (SR)      Potential Pressure (bar)   Constr. rmsd
   -4.19365e+02   -3.39685e+03   -3.05949e+03    9.63040e+01    2.93244e-04

           Step           Time
             12       12.00000

   Energies (kJ/mol)
          Angle    Proper Dih.  Improper Dih.          LJ-14     Coulomb-14
    2.33747e+02    6.78558e+02    1.16843e+01    3.55804e+02   -5.32593e+02
        LJ (SR)   Coulomb (SR)      Potential Pressure (bar)   Constr. rmsd
   -4.20626e+02   -3.40052e+03   -3.07395e+03    9.00375e+01    2.30084e-04

           Step           Time
             13       13.00000

           Step           Time
             14       14.00000

   Energies (kJ/mol)
          Angle    Proper Dih.  Improper Dih.          LJ-14     Coulomb-14
    2.22097e+02    6.76390e+02    1.16385e+01    3.55921e+02   -5.32750e+02
        LJ (SR)   Coulomb (SR)      Potential Pressure (bar)   Constr. rmsd
   -4.21383e+02   -3.40209e+03   -3.09017e+03    8.49226e+01    1.55304e-04

           Step           Time
             15       15.00000

   Energies (kJ/mol)
          Angle    Proper Dih.  Improper Dih.          LJ-14     Coulomb-14
    2.26713e+02    6.69164e+02    1.20532e+01    3.54571e+02   -5.35524e+02
        LJ (SR)   Coulomb (SR)      Potential Pressure (bar)   Constr. rmsd
   -4.23391e+02   -3.40839e+03   -3.10481e+03    1.03512e+02    4.50463e-04

           Step           Time
             16       16.00000

   Energies (kJ/mol)
          Angle    Proper Dih.  Improper Dih.          LJ-14     Coulomb-14
    2.17823e+02    6.67359e+02    1.18792e+01    3.55234e+02   -5.34977e+02
        LJ (SR)   Coulomb (SR)      Potential Pressure (bar)   Constr. rmsd
   -4.24238e+02   -3.41011e+03   -3.11703e+03    9.03350e+01    2.17938e-04

           Step           Time
             17       17.00000

           Step           Time
             18       18.00000

   Energies (kJ/mol)
          Angle    Proper Dih.  Improper Dih.          LJ-14     Coulomb-14
    2.13491e+02    6.65507e+02    1.19941e+01    3.55182e+02   -5.34840e+02
        LJ (SR)   Coulomb (SR)      Potential Pressure (bar)   Constr. rmsd
   -4.24799e+02   -3.41268e+03   -3.12615e+03    8.08439e+01    1.73283e-04

           Step           Time
             19       19.00000

   Energies (kJ/mol)
          Angle    Proper Dih.  Improper Dih.          LJ-14     Coulomb-14
    2.15576e+02    6.62311e+02    1.18870e+01    3.55263e+02   -5.36289e+02
        LJ (SR)   Coulomb (SR)      Potential Pressure (bar)   Constr. rmsd
   -4.25659e+02   -3.41506e+03   -3.13197e+03    9.08207e+01    2.98039e-04

           Step           Time
             20       20.00000

   Energies (kJ/mol)
          Angle    Proper Dih.  Improper Dih.          LJ-14     Coulomb-14
    2.13008e+02    6.60611e+02    1.21167e+01    3.55237e+02   -5.35918e+02
        LJ (SR)   Coulomb (SR)      Potential Pressure (bar)   Constr. rmsd
   -4.26220e+02   -3.41829e+03   -3.13946e+03    8.52231e+01    2.07631e-04

           Step           Time
             21       21.00000

           Step           Time
             22       22.00000

   Energies (kJ/mol)
          Angle    Proper Dih.  Improper Dih.          LJ-14     Coulomb-14
    2.06648e+02    6.59528e+02    1.20571e+01    3.55588e+02   -5.35765e+02
        LJ (SR)   Coulomb (SR)      Potential Pressure (bar)   Constr. rmsd
   -4.26609e+02   -3.41954e+03   -3.14810e+03    8.30318e+01    1.44444e-04

           Step           Time
             23       23.00000

   Energies (kJ/mol)
          Angle    Proper Dih.  Improper Dih.          LJ-14     Coulomb-14
    2.07601e+02    6.56073e+02    1.22688e+01    3.55249e+02   -5.37312e+02
        LJ (SR)   Coulomb (SR)      Potential Pressure (bar)   Constr. rmsd
   -4.27346e+02   -3.42405e+03   -3.15752e+03    1.02262e+02    3.81116e-04

           Step           Time
             24       24.00000

   Energies (kJ/mol)
          Angle    Proper Dih.  Improper Dih.          LJ-14     Coulomb-14
    2.05950e+02    6.54852e+02    1.21271e+01    3.55918e+02   -5.36942e+02
        LJ (SR)   Coulomb (SR)      Potential Pressure (bar)   Constr. rmsd
   -4.27874e+02   -3.42562e+03   -3.16159e+03    9.27969e+01    2.14579e-04

           Step           Time
             25       25.00000

           Step           Time
             26       26.00000

   Energies (kJ/mol)
          Angle    Proper Dih.  Improper Dih.          LJ-14     Coulomb-14
    2.01919e+02    6.53914e+02    1.22175e+01    3.56055e+02   -5.36523e+02
        LJ (SR)   Coulomb (SR)      Potential Pressure (bar)   Constr. rmsd
   -4.28183e+02   -3.42761e+03   -3.16821e+03    8.96239e+01    1.43134e-04

           Step           Time
             27       27.00000

   Energies (kJ/mol)
          Angle    Proper Dih.  Improper Dih.          LJ-14     Coulomb-14
    2.01593e+02    6.51418e+02    1.23099e+01    3.56045e+02   -5.37987e+02
        LJ (SR)   Coulomb (SR)      Potential Pressure (bar)   Constr. rmsd
   -4.28687e+02   -3.43094e+03   -3.17624e+03    1.05055e+02    3.63748e-04

           Step           Time
             28       28.00000

   Energies (kJ/mol)
          Angle    Proper Dih.  Improper Dih.          LJ-14     Coulomb-14
    2.01822e+02    6.50203e+02    1.22800e+01    3.56330e+02   -5.37364e+02
        LJ (SR)   Coulomb (SR)      Potential Pressure (bar)   Constr. rmsd
   -4.29118e+02   -3.43338e+03   -3.17923e+03    9.35394e+01    2.08175e-04

           Step           Time
             29       29.00000

   Energies (kJ/mol)
          Angle    Proper Dih.  Improper Dih.          LJ-14     Coulomb-14
    2.04968e+02    6.49200e+02    1.23622e+01    3.56724e+02   -5.37730e+02
        LJ (SR)   Coulomb (SR)      Potential Pressure (bar)   Constr. rmsd
   -4.29447e+02   -3.43538e+03   -3.17930e+03    1.04432e+02    2.51030e-04

           Step           Time
             30       30.00000

   Energies (kJ/mol)
          Angle    Proper Dih.  Improper Dih.          LJ-14     Coulomb-14
    2.05037e+02    6.47992e+02    1.23774e+01    3.56712e+02   -5.37387e+02
        LJ (SR)   Coulomb (SR)      Potential Pressure (bar)   Constr. rmsd
   -4.29743e+02   -3.43791e+03   -3.18292e+03    9.96031e+01    2.15581e-04

           Step           Time
             31       31.00000

           Step           Time
             32       32.00000

   Energies (kJ/mol)
          Angle    Proper Dih.  Improper Dih.          LJ-14     Coulomb-14
    1.96190e+02    6.47584e+02    1.23869e+01    3.57121e+02   -5.36973e+02
        LJ (SR)   Coulomb (SR)      Potential Pressure (bar)   Constr. rmsd
   -4.29964e+02   -3.43910e+03   -3.19275e+03    9.06010e+01    1.36691e-04

           Step           Time
             33       33.00000

   Energies (kJ/mol)
          Angle    Proper Dih.  Improper Dih.          LJ-14     Coulomb-14
    2.01235e+02    6.45201e+02    1.26643e+01    3.56673e+02   -5.38955e+02
        LJ (SR)   Coulomb (SR)      Potential Pressure (bar)   Constr. rmsd
   -4.30297e+02   -3.44453e+03   -3.19800e+03    1.21880e+02    5.07384e-04

           Step           Time
             34       34.00000

   Energies (kJ/mol)
          Angle    Proper Dih.  Improper Dih.          LJ-14     Coulomb-14
    1.96676e+02    6.44535e+02    1.23983e+01    3.57620e+02   -5.37539e+02
        LJ (SR)   Coulomb (SR)      Potential Pressure (bar)   Constr. rmsd
   -4.30745e+02   -3.44581e+03   -3.20286e+03    9.77155e+01    2.16253e-04

           Step           Time
             35       35.00000

           Step           Time
             36       36.00000

   Energies (kJ/mol)
          Angle    Proper Dih.  Improper Dih.          LJ-14     Coulomb-14
    1.93770e+02    6.43895e+02    1.25276e+01    3.57724e+02   -5.36977e+02
        LJ (SR)   Coulomb (SR)      Potential Pressure (bar)   Constr. rmsd
   -4.30905e+02   -3.44803e+03   -3.20800e+03    9.91172e+01    1.56855e-04

           Step           Time
             37       37.00000

   Energies (kJ/mol)
          Angle    Proper Dih.  Improper Dih.          LJ-14     Coulomb-14
    1.97785e+02    6.42756e+02    1.25127e+01    3.57862e+02   -5.37888e+02
        LJ (SR)   Coulomb (SR)      Potential Pressure (bar)   Constr. rmsd
   -4.31035e+02   -3.45060e+03   -3.20861e+03    1.18436e+02    3.25826e-04

           Step           Time
             38       38.00000

   Energies (kJ/mol)
          Angle    Proper Dih.  Improper Dih.          LJ-14     Coulomb-14
    1.94031e+02    6.42074e+02    1.25359e+01    3.58023e+02   -5.36784e+02
        LJ (SR)   Coulomb (SR)      Potential Pressure (bar)   Constr. rmsd
   -4.31274e+02   -3.45315e+03   -3.21454e+03    1.01205e+02    1.81524e-04

           Step           Time
             39       39.00000

           Step           Time
             40       40.00000

   Energies (kJ/mol)
          Angle    Proper Dih.  Improper Dih.          LJ-14     Coulomb-14
    1.91498e+02    6.41601e+02    1.25159e+01    3.58329e+02   -5.36418e+02
        LJ (SR)   Coulomb (SR)      Potential Pressure (bar)   Constr. rmsd
   -4.31388e+02   -3.45457e+03   -3.21844e+03    1.05014e+02    1.61131e-04

           Step           Time
             41       41.00000

   Energies (kJ/mol)
          Angle    Proper Dih.  Improper Dih.          LJ-14     Coulomb-14
    1.93718e+02    6.40576e+02    1.26110e+01    3.58175e+02   -5.36710e+02
        LJ (SR)   Coulomb (SR)      Potential Pressure (bar)   Constr. rmsd
   -4.31482e+02   -3.45731e+03   -3.22042e+03    1.06049e+02    2.57578e-04

           Step           Time
             42       42.00000

   Energies (kJ/mol)
          Angle    Proper Dih.  Improper Dih.          LJ-14     Coulomb-14
    1.92531e+02    6.40082e+02    1.25526e+01    3.58599e+02   -5.36354e+02
        LJ (SR)   Coulomb (SR)      Potential Pressure (bar)   Constr. rmsd
   -4.31623e+02   -3.45869e+03   -3.22290e+03    1.01964e+02    1.95232e-04

           Step           Time
             43       43.00000

           Step           Time
             44       44.00000

   Energies (kJ/mol)
          Angle    Proper Dih.  Improper Dih.          LJ-14     Coulomb-14
    1.89561e+02    6.39661e+02    1.25659e+01    3.58718e+02   -5.35839e+02
        LJ (SR)   Coulomb (SR)      Potential Pressure (bar)   Constr. rmsd
   -4.31739e+02   -3.46032e+03   -3.22739e+03    9.35762e+01    1.25708e-04

           Step           Time
             45       45.00000

   Energies (kJ/mol)
          Angle    Proper Dih.  Improper Dih.          LJ-14     Coulomb-14
    1.88035e+02    6.38538e+02    1.26278e+01    3.58573e+02   -5.36990e+02
        LJ (SR)   Coulomb (SR)      Potential Pressure (bar)   Constr. rmsd
   -4.31737e+02   -3.46315e+03   -3.23410e+03    9.63842e+01    3.38194e-04

           Step           Time
             46       46.00000

           Step           Time
             47       47.00000

   Energies (kJ/mol)
          Angle    Proper Dih.  Improper Dih.          LJ-14     Coulomb-14
    1.88128e+02    6.38170e+02    1.26115e+01    3.58966e+02   -5.35720e+02
        LJ (SR)   Coulomb (SR)      Potential Pressure (bar)   Constr. rmsd
   -4.31977e+02   -3.46495e+03   -3.23477e+03    8.90987e+01    1.49234e-04

           Step           Time
             48       48.00000

   Energies (kJ/mol)
          Angle    Proper Dih.  Improper Dih.          LJ-14     Coulomb-14
    1.86769e+02    6.37428e+02    1.26606e+01    3.58863e+02   -5.36258e+02
        LJ (SR)   Coulomb (SR)      Potential Pressure (bar)   Constr. rmsd
   -4.32026e+02   -3.46697e+03   -3.23954e+03    1.03207e+02    2.58722e-04

           Step           Time
             49       49.00000

   Energies (kJ/mol)
          Angle    Proper Dih.  Improper Dih.          LJ-14     Coulomb-14
    1.88576e+02    6.36614e+02    1.26198e+01    3.58865e+02   -5.36453e+02
        LJ (SR)   Coulomb (SR)      Potential Pressure (bar)   Constr. rmsd
   -4.32116e+02   -3.46963e+03   -3.24153e+03    9.91828e+01    2.66848e-04

           Step           Time
             50       50.00000

   Energies (kJ/mol)
          Angle    Proper Dih.  Improper Dih.          LJ-14     Coulomb-14
    1.88085e+02    6.36272e+02    1.26535e+01    3.59153e+02   -5.35879e+02
        LJ (SR)   Coulomb (SR)      Potential Pressure (bar)   Constr. rmsd
   -4.32305e+02   -3.47102e+03   -3.24304e+03    9.96399e+01    1.98587e-04

           Step           Time
             51       51.00000

   Energies (kJ/mol)
          Angle    Proper Dih.  Improper Dih.          LJ-14     Coulomb-14
    1.89394e+02    6.35744e+02    1.26926e+01    3.59054e+02   -5.35723e+02
        LJ (SR)   Coulomb (SR)      Potential Pressure (bar)   Constr. rmsd
   -4.32404e+02   -3.47333e+03   -3.24457e+03    1.03186e+02    2.08091e-04

           Step           Time
             52       52.00000

   Energies (kJ/mol)
          Angle    Proper Dih.  Improper Dih.          LJ-14     Coulomb-14
    1.90614e+02    6.35388e+02    1.26716e+01    3.59307e+02   -5.35812e+02
        LJ (SR)   Coulomb (SR)      Potential Pressure (bar)   Constr. rmsd
   -4.32539e+02   -3.47448e+03   -3.24485e+03    1.03597e+02    2.19579e-04

           Step           Time
             53       53.00000

   Energies (kJ/mol)
          Angle    Proper Dih.  Improper Dih.          LJ-14     Coulomb-14
    1.91636e+02    6.34938e+02    1.27490e+01    3.59158e+02   -5.35518e+02
        LJ (SR)   Coulomb (SR)      Potential Pressure (bar)   Constr. rmsd
   -4.32657e+02   -3.47687e+03   -3.24657e+03    1.01097e+02    2.02800e-04

           Step           Time
             54       54.00000

           Step           Time
             55       55.00000

   Energies (kJ/mol)
          Angle    Proper Dih.  Improper Dih.          LJ-14     Coulomb-14
    1.85642e+02    6.34745e+02    1.27006e+01    3.59490e+02   -5.35034e+02
        LJ (SR)   Coulomb (SR)      Potential Pressure (bar)   Constr. rmsd
   -4.32781e+02   -3.47770e+03   -3.25293e+03    9.58385e+01    1.31378e-04

           Step           Time
             56       56.00000

   Energies (kJ/mol)
          Angle    Proper Dih.  Improper Dih.          LJ-14     Coulomb-14
    1.89496e+02    6.33762e+02    1.28562e+01    3.58796e+02   -5.36835e+02
        LJ (SR)   Coulomb (SR)      Potential Pressure (bar)   Constr. rmsd
   -4.32712e+02   -3.48146e+03   -3.25609e+03    1.06952e+02    4.53227e-04

           Step           Time
             57       57.00000

   Energies (kJ/mol)
          Angle    Proper Dih.  Improper Dih.          LJ-14     Coulomb-14
    1.86837e+02    6.33526e+02    1.27131e+01    3.59551e+02   -5.35471e+02
        LJ (SR)   Coulomb (SR)      Potential Pressure (bar)   Constr. rmsd
   -4.33035e+02   -3.48257e+03   -3.25845e+03    9.84391e+01    2.01963e-04

           Step           Time
             58       58.00000

           Step           Time
             59       59.00000

   Energies (kJ/mol)
          Angle    Proper Dih.  Improper Dih.          LJ-14     Coulomb-14
    1.84888e+02    6.33229e+02    1.27821e+01    3.59602e+02   -5.34913e+02
        LJ (SR)   Coulomb (SR)      Potential Pressure (bar)   Constr. rmsd
   -4.33115e+02   -3.48431e+03   -3.26184e+03    9.55774e+01    1.43230e-04

           Step           Time
             60       60.00000

   Energies (kJ/mol)
          Angle    Proper Dih.  Improper Dih.          LJ-14     Coulomb-14
    1.87539e+02    6.32608e+02    1.27917e+01    3.59390e+02   -5.36032e+02
        LJ (SR)   Coulomb (SR)      Potential Pressure (bar)   Constr. rmsd
   -4.33062e+02   -3.48644e+03   -3.26320e+03    1.08601e+02    3.63589e-04

           Step           Time
             61       61.00000

   Energies (kJ/mol)
          Angle    Proper Dih.  Improper Dih.          LJ-14     Coulomb-14
    1.84728e+02    6.32301e+02    1.27898e+01    3.59650e+02   -5.34802e+02
        LJ (SR)   Coulomb (SR)      Potential Pressure (bar)   Constr. rmsd
   -4.33308e+02   -3.48850e+03   -3.26715e+03    9.82955e+01    1.68153e-04

           Step           Time
             62       62.00000

           Step           Time
             63       63.00000

   Energies (kJ/mol)
          Angle    Proper Dih.  Improper Dih.          LJ-14     Coulomb-14
    1.84079e+02    6.32043e+02    1.28603e+01    3.59718e+02   -5.34944e+02
        LJ (SR)   Coulomb (SR)      Potential Pressure (bar)   Constr. rmsd
   -4.33387e+02   -3.48957e+03   -3.26920e+03    1.00019e+02    1.88860e-04

           Step           Time
             64       64.00000

   Energies (kJ/mol)
          Angle    Proper Dih.  Improper Dih.          LJ-14     Coulomb-14
    1.84510e+02    6.31747e+02    1.29756e+01    3.59627e+02   -5.34973e+02
        LJ (SR)   Coulomb (SR)      Potential Pressure (bar)   Constr. rmsd
   -4.33472e+02   -3.49134e+03   -3.27092e+03    1.01582e+02    1.89734e-04

           Step           Time
             65       65.00000

   Energies (kJ/mol)
          Angle    Proper Dih.  Improper Dih.          LJ-14     Coulomb-14
    1.85645e+02    6.31513e+02    1.29785e+01    3.59711e+02   -5.35329e+02
        LJ (SR)   Coulomb (SR)      Potential Pressure (bar)   Constr. rmsd
   -4.33532e+02   -3.49234e+03   -3.27135e+03    1.07051e+02    2.28349e-04

           Step           Time
             66       66.00000

   Energies (kJ/mol)
          Angle    Proper Dih.  Improper Dih.          LJ-14     Coulomb-14
    1.85337e+02    6.31201e+02    1.30372e+01    3.59648e+02   -5.34946e+02
        LJ (SR)   Coulomb (SR)      Potential Pressure (bar)   Constr. rmsd
   -4.33625e+02   -3.49427e+03   -3.27362e+03    9.92406e+01    1.81032e-04

           Step           Time
             67       67.00000

           Step           Time
             68       68.00000

   Energies (kJ/mol)
          Angle    Proper Dih.  Improper Dih.          LJ-14     Coulomb-14
    1.82780e+02    6.31091e+02    1.29897e+01    3.59889e+02   -5.34646e+02
        LJ (SR)   Coulomb (SR)      Potential Pressure (bar)   Constr. rmsd
   -4.33710e+02   -3.49501e+03   -3.27661e+03    1.00743e+02    1.38328e-04

           Step           Time
             69       69.00000

   Energies (kJ/mol)
          Angle    Proper Dih.  Improper Dih.          LJ-14     Coulomb-14
    1.84336e+02    6.30661e+02    1.30575e+01    3.59442e+02   -5.35683e+02
        LJ (SR)   Coulomb (SR)      Potential Pressure (bar)   Constr. rmsd
   -4.33661e+02   -3.49724e+03   -3.27909e+03    1.05215e+02    3.01268e-04

           Step           Time
             70       70.00000

   Energies (kJ/mol)
          Angle    Proper Dih.  Improper Dih.          LJ-14     Coulomb-14
    1.83764e+02    6.30517e+02    1.29688e+01    3.59842e+02   -5.35111e+02
        LJ (SR)   Coulomb (SR)      Potential Pressure (bar)   Constr. rmsd
   -4.33830e+02   -3.49809e+03   -3.27993e+03    1.05871e+02    1.91988e-04

           Step           Time
             71       71.00000

   Energies (kJ/mol)
          Angle    Proper Dih.  Improper Dih.          LJ-14     Coulomb-14
    1.86118e+02    6.30175e+02    1.30432e+01    3.59634e+02   -5.35135e+02
        LJ (SR)   Coulomb (SR)      Potential Pressure (bar)   Constr. rmsd
   -4.33848e+02   -3.50013e+03   -3.28014e+03    1.08619e+02    2.19021e-04

           Step           Time
             72       72.00000

           Step           Time
             73       73.00000

   Energies (kJ/mol)
          Angle    Proper Dih.  Improper Dih.          LJ-14     Coulomb-14
    1.81780e+02    6.30087e+02    1.30649e+01    3.59981e+02   -5.34309e+02
        LJ (SR)   Coulomb (SR)      Potential Pressure (bar)   Constr. rmsd
   -4.33969e+02   -3.50101e+03   -3.28438e+03    1.02047e+02    1.20811e-04

           Step           Time
             74       74.00000

   Energies (kJ/mol)
          Angle    Proper Dih.  Improper Dih.          LJ-14     Coulomb-14
    1.80275e+02    6.29605e+02    1.32682e+01    3.59396e+02   -5.35569e+02
        LJ (SR)   Coulomb (SR)      Potential Pressure (bar)   Constr. rmsd
   -4.33816e+02   -3.50398e+03   -3.29082e+03    1.15555e+02    3.90087e-04

           Step           Time
             75       75.00000

           Step           Time
             76       76.00000

           Step           Time
             77       77.00000

           Step           Time
             78       78.00000

           Step           Time
             79       79.00000

           Step           Time
             80       80.00000

           Step           Time
             81       81.00000

           Step           Time
             82       82.00000

           Step           Time
             83       83.00000

           Step           Time
             84       84.00000

           Step           Time
             85       85.00000

           Step           Time
             86       86.00000


Energy minimization has stopped, but the forces have not converged to the
requested precision Fmax < 10 (which may not be possible for your system). It
stopped because the algorithm tried to make a new step whose size was too
small, or there was no change in the energy since last step. Either way, we
regard the minimization as converged to within the available machine
precision, given your starting configuration and EM parameters.

Double precision normally gives you higher accuracy, but this is often not
needed for preparing to run molecular dynamics.
You might need to increase your constraint accuracy, or turn
off constraints altogether (set constraints = none in mdp file)

Steepest Descents did not converge to Fmax < 10 in 87 steps.
Potential Energy  = -3.2908157e+03
Maximum force     =  2.3534660e+02 on atom 353
Norm of force     =  7.0601811e+01
Finished mdrun on rank 0 Thu Mar  2 19:33:01 2023

